uniapp_flutter/build/app/intermediates/manifest_merge_blame_file/debug/manifest-merger-blame-debug-report.txt
1<?xml version="1.0" encoding="utf-8"?>
2<manifest xmlns:android="http://schemas.android.com/apk/res/android"
3    package="com.example.uniapp_flutter"
4    android:versionCode="1"
5    android:versionName="1.0.0" >
6
7    <uses-sdk
8        android:minSdkVersion="21"
9        android:targetSdkVersion="28" />
10    <!--
11         Flutter needs it to communicate with the running application
12         to allow setting breakpoints, to provide hot reload, etc.
13    -->
14    <uses-permission android:name="android.permission.INTERNET" />
14-->src/main/AndroidManifest.xml:12:5-67
14-->src/main/AndroidManifest.xml:12:22-64
15    <!--
16     io.flutter.app.FlutterApplication is an android.app.Application that
17         calls FlutterMain.startInitialization(this); in its onCreate method.
18         In most cases you can leave this as-is, but you if you want to provide
19         additional functionality it is fine to subclass or reimplement
20         FlutterApplication and put your custom class here.
21    -->
22    <uses-permission android:name="android.permission.WRITE_EXTERNAL_STORAGE" />
22-->src/main/AndroidManifest.xml:8:5-81
22-->src/main/AndroidManifest.xml:8:22-78
23    <uses-permission android:name="android.permission.CAMERA" />
23-->src/main/AndroidManifest.xml:9:5-64
23-->src/main/AndroidManifest.xml:9:22-62
24    <uses-permission android:name="android.permission.ACCESS_FINE_LOCATION" />
24-->src/main/AndroidManifest.xml:10:5-79
24-->src/main/AndroidManifest.xml:10:22-76
25    <uses-permission android:name="android.permission.ACCESS_COARSE_LOCATION" />
25-->src/main/AndroidManifest.xml:11:5-81
25-->src/main/AndroidManifest.xml:11:22-78
26    <uses-permission android:name="android.permission.ACCESS_NETWORK_STATE" />
26-->src/main/AndroidManifest.xml:13:5-79
26-->src/main/AndroidManifest.xml:13:22-76
27    <uses-permission android:name="android.permission.RECORD_AUDIO" />
27-->src/main/AndroidManifest.xml:14:5-71
27-->src/main/AndroidManifest.xml:14:22-68
28    <uses-permission android:name="android.permission.READ_PHONE_STATE" />
28-->src/main/AndroidManifest.xml:15:5-75
28-->src/main/AndroidManifest.xml:15:22-72
29    <uses-permission android:name="android.permission.READ_EXTERNAL_STORAGE" />
29-->src/main/AndroidManifest.xml:16:5-79
29-->src/main/AndroidManifest.xml:16:22-77
30    <uses-permission android:name="android.permission.ACCESS_WIFI_STATE" />
30-->[:connectivity] AndroidManifest.xml:8:5-76
30-->[:connectivity] AndroidManifest.xml:8:22-73
31
32    <application
32-->src/main/AndroidManifest.xml:18:5-39:19
33        android:name="io.flutter.app.FlutterApplication"
33-->src/main/AndroidManifest.xml:19:9-57
34        android:appComponentFactory="androidx.core.app.CoreComponentFactory"
34-->[androidx.core:core:1.1.0] AndroidManifest.xml:24:18-86
35        android:debuggable="true"
36        android:icon="@mipmap/ic_launcher"
36-->src/main/AndroidManifest.xml:21:9-43
37        android:label="BLUIS" >
37-->src/main/AndroidManifest.xml:20:9-30
38        <activity
38-->src/main/AndroidManifest.xml:22:9-33:20
39            android:name="com.example.uniapp_flutter.MainActivity"
39-->src/main/AndroidManifest.xml:23:13-41
40            android:configChanges="orientation|keyboardHidden|keyboard|screenSize|smallestScreenSize|locale|layoutDirection|fontScale|screenLayout|density|uiMode"
40-->src/main/AndroidManifest.xml:26:13-163
41            android:hardwareAccelerated="true"
41-->src/main/AndroidManifest.xml:27:13-47
42            android:launchMode="singleTop"
42-->src/main/AndroidManifest.xml:24:13-43
43            android:theme="@style/LaunchTheme"
43-->src/main/AndroidManifest.xml:25:13-47
44            android:windowSoftInputMode="adjustResize" >
44-->src/main/AndroidManifest.xml:28:13-55
45            <intent-filter>
45-->src/main/AndroidManifest.xml:29:13-32:29
46                <action android:name="android.intent.action.MAIN" />
46-->src/main/AndroidManifest.xml:30:17-68
46-->src/main/AndroidManifest.xml:30:25-66
47
48                <category android:name="android.intent.category.LAUNCHER" />
48-->src/main/AndroidManifest.xml:31:17-76
48-->src/main/AndroidManifest.xml:31:27-74
49            </intent-filter>
50        </activity>
51        <!--
52             Don't delete the meta-data below.
53             This is used by the Flutter tool to generate GeneratedPluginRegistrant.java
54        -->
55        <meta-data
55-->src/main/AndroidManifest.xml:36:9-38:33
56            android:name="flutterEmbedding"
56-->src/main/AndroidManifest.xml:37:13-44
57            android:value="2" />
57-->src/main/AndroidManifest.xml:38:13-30
58
59        <activity
59-->[:url_launcher] AndroidManifest.xml:8:9-11:74
60            android:name="io.flutter.plugins.urllauncher.WebViewActivity"
60-->[:url_launcher] AndroidManifest.xml:9:13-74
61            android:exported="false"
61-->[:url_launcher] AndroidManifest.xml:10:13-37
62            android:theme="@android:style/Theme.NoTitleBar.Fullscreen" />
62-->[:url_launcher] AndroidManifest.xml:11:13-71
63
64        <provider
64-->[:esys_flutter_share] AndroidManifest.xml:8:9-16:20
65            android:name="de.esys.esysfluttershare.EsysFlutterShareFileProvider"
65-->[:esys_flutter_share] AndroidManifest.xml:9:13-81
66            android:authorities="com.example.uniapp_flutter.fileprovider.github.com/orgs/esysberlin/esys-flutter-share"
66-->[:esys_flutter_share] AndroidManifest.xml:10:13-110
67            android:exported="false"
67-->[:esys_flutter_share] AndroidManifest.xml:11:13-37
68            android:grantUriPermissions="true" >
68-->[:esys_flutter_share] AndroidManifest.xml:12:13-47
69            <meta-data
69-->[:esys_flutter_share] AndroidManifest.xml:13:13-15:72
70                android:name="android.support.FILE_PROVIDER_PATHS"
70-->[:esys_flutter_share] AndroidManifest.xml:14:17-67
71                android:resource="@xml/esys_flutter_share_filepaths" />
71-->[:esys_flutter_share] AndroidManifest.xml:15:17-69
72        </provider>
73
74        <activity
74-->[com.google.android.gms:play-services-base:16.0.1] AndroidManifest.xml:23:9-26:75
75            android:name="com.google.android.gms.common.api.GoogleApiActivity"
75-->[com.google.android.gms:play-services-base:16.0.1] AndroidManifest.xml:24:13-79
76            android:exported="false"
76-->[com.google.android.gms:play-services-base:16.0.1] AndroidManifest.xml:25:13-37
77            android:theme="@android:style/Theme.Translucent.NoTitleBar" />
77-->[com.google.android.gms:play-services-base:16.0.1] AndroidManifest.xml:26:13-72
78
79        <meta-data
79-->[com.google.android.gms:play-services-basement:16.0.1] AndroidManifest.xml:23:9-25:69
80            android:name="com.google.android.gms.version"
80-->[com.google.android.gms:play-services-basement:16.0.1] AndroidManifest.xml:24:13-58
81            android:value="@integer/google_play_services_version" />
81-->[com.google.android.gms:play-services-basement:16.0.1] AndroidManifest.xml:25:13-66
82    </application>
83
84</manifest>